# JRE version: OpenJDK Runtime Environment Microsoft-8035246 (17.0.8+7) (build 17.0.8+7-LTS)
# Java VM: OpenJDK 64-Bit Server VM Microsoft-8035246 (17.0.8+7-LTS, mixed mode, sharing, tiered, compressed oops, compressed class ptrs, g1 gc, windows-amd64)
GC Precious Log:
 CPUs: 8 total, 8 available
 Memory: 8094M
 Large Page Support: Disabled
 NUMA Support: Disabled
 Compressed Oops: Enabled (32-bit)
 Heap Region Size: 1M
 Heap Min Capacity: 8M
 Heap Initial Capacity: 128M
 Heap Max Capacity: 2G
 Pre-touch: Disabled
 Parallel Workers: 8
 Concurrent Workers: 2
 Concurrent Refinement Workers: 8
 Periodic GC: Disabled
Heap:
 garbage-first heap   total 390144K, used 284981K [0x0000000080000000, 0x0000000100000000)
  region size 1024K, 52 young (53248K), 10 survivors (10240K)
 Metaspace       used 112790K, committed 114112K, reserved 557056K
  class space    used 15560K, committed 16128K, reserved 425984K
GC Heap History (20 events):
Event: 39.519 GC heap before
{Heap before GC invocations=49 (full 0):
 garbage-first heap   total 290816K, used 186118K [0x0000000080000000, 0x0000000100000000)
  region size 1024K, 11 young (11264K), 2 survivors (2048K)
 Metaspace       used 103747K, committed 104896K, reserved 557056K
  class space    used 14567K, committed 15104K, reserved 425984K
}
Event: 39.523 GC heap after
{Heap after GC invocations=50 (full 0):
 garbage-first heap   total 290816K, used 179166K [0x0000000080000000, 0x0000000100000000)
  region size 1024K, 4 young (4096K), 4 survivors (4096K)
 Metaspace       used 103747K, committed 104896K, reserved 557056K
  class space    used 14567K, committed 15104K, reserved 425984K
}
Event: 41.039 GC heap before
{Heap before GC invocations=51 (full 0):
 garbage-first heap   total 324608K, used 234462K [0x0000000080000000, 0x0000000100000000)
  region size 1024K, 57 young (58368K), 4 survivors (4096K)
 Metaspace       used 104331K, committed 105536K, reserved 557056K
  class space    used 14632K, committed 15168K, reserved 425984K
}
Event: 41.057 GC heap after
{Heap after GC invocations=52 (full 0):
 garbage-first heap   total 324608K, used 190602K [0x0000000080000000, 0x0000000100000000)
  region size 1024K, 8 young (8192K), 8 survivors (8192K)
 Metaspace       used 104331K, committed 105536K, reserved 557056K
  class space    used 14632K, committed 15168K, reserved 425984K
}
Event: 41.192 GC heap before
{Heap before GC invocations=52 (full 0):
 garbage-first heap   total 324608K, used 196746K [0x0000000080000000, 0x0000000100000000)
  region size 1024K, 15 young (15360K), 8 survivors (8192K)
 Metaspace       used 104339K, committed 105536K, reserved 557056K
  class space    used 14633K, committed 15168K, reserved 425984K
}
Event: 41.199 GC heap after
{Heap after GC invocations=53 (full 0):
 garbage-first heap   total 324608K, used 189415K [0x0000000080000000, 0x0000000100000000)
  region size 1024K, 1 young (1024K), 1 survivors (1024K)
 Metaspace       used 104339K, committed 105536K, reserved 557056K
  class space    used 14633K, committed 15168K, reserved 425984K
}
Event: 42.034 GC heap before
{Heap before GC invocations=53 (full 0):
 garbage-first heap   total 324608K, used 262119K [0x0000000080000000, 0x0000000100000000)
  region size 1024K, 70 young (71680K), 1 survivors (1024K)
 Metaspace       used 104966K, committed 106304K, reserved 557056K
  class space    used 14706K, committed 15296K, reserved 425984K
}
Event: 42.047 GC heap after
{Heap after GC invocations=54 (full 0):
 garbage-first heap   total 324608K, used 203960K [0x0000000080000000, 0x0000000100000000)
  region size 1024K, 9 young (9216K), 9 survivors (9216K)
 Metaspace       used 104966K, committed 106304K, reserved 557056K
  class space    used 14706K, committed 15296K, reserved 425984K
}
Event: 43.437 GC heap before
{Heap before GC invocations=54 (full 0):
 garbage-first heap   total 324608K, used 264376K [0x0000000080000000, 0x0000000100000000)
  region size 1024K, 68 young (69632K), 9 survivors (9216K)
 Metaspace       used 109104K, committed 110272K, reserved 557056K
  class space    used 15288K, committed 15808K, reserved 425984K
}
Event: 43.460 GC heap after
{Heap after GC invocations=55 (full 0):
 garbage-first heap   total 324608K, used 209488K [0x0000000080000000, 0x0000000100000000)
  region size 1024K, 5 young (5120K), 5 survivors (5120K)
 Metaspace       used 109104K, committed 110272K, reserved 557056K
  class space    used 15288K, committed 15808K, reserved 425984K
}
Event: 44.667 GC heap before
{Heap before GC invocations=55 (full 0):
 garbage-first heap   total 324608K, used 267856K [0x0000000080000000, 0x0000000100000000)
  region size 1024K, 62 young (63488K), 5 survivors (5120K)
 Metaspace       used 109856K, committed 111168K, reserved 557056K
  class space    used 15357K, committed 15936K, reserved 425984K
}
Event: 44.689 GC heap after
{Heap after GC invocations=56 (full 0):
 garbage-first heap   total 324608K, used 218324K [0x0000000080000000, 0x0000000100000000)
  region size 1024K, 8 young (8192K), 8 survivors (8192K)
 Metaspace       used 109856K, committed 111168K, reserved 557056K
  class space    used 15357K, committed 15936K, reserved 425984K
}
Event: 45.404 GC heap before
{Heap before GC invocations=56 (full 0):
 garbage-first heap   total 324608K, used 269524K [0x0000000080000000, 0x0000000100000000)
  region size 1024K, 58 young (59392K), 8 survivors (8192K)
 Metaspace       used 110064K, committed 111360K, reserved 557056K
  class space    used 15360K, committed 15936K, reserved 425984K
}
Event: 45.423 GC heap after
{Heap after GC invocations=57 (full 0):
 garbage-first heap   total 324608K, used 224125K [0x0000000080000000, 0x0000000100000000)
  region size 1024K, 5 young (5120K), 5 survivors (5120K)
 Metaspace       used 110064K, committed 111360K, reserved 557056K
  class space    used 15360K, committed 15936K, reserved 425984K
}
Event: 46.155 GC heap before
{Heap before GC invocations=57 (full 0):
 garbage-first heap   total 324608K, used 272253K [0x0000000080000000, 0x0000000100000000)
  region size 1024K, 53 young (54272K), 5 survivors (5120K)
 Metaspace       used 110848K, committed 112128K, reserved 557056K
  class space    used 15434K, committed 16000K, reserved 425984K
}
Event: 46.173 GC heap after
{Heap after GC invocations=58 (full 0):
 garbage-first heap   total 324608K, used 231011K [0x0000000080000000, 0x0000000100000000)
  region size 1024K, 7 young (7168K), 7 survivors (7168K)
 Metaspace       used 110848K, committed 112128K, reserved 557056K
  class space    used 15434K, committed 16000K, reserved 425984K
}
Event: 46.905 GC heap before
{Heap before GC invocations=58 (full 0):
 garbage-first heap   total 324608K, used 278115K [0x0000000080000000, 0x0000000100000000)
  region size 1024K, 49 young (50176K), 7 survivors (7168K)
 Metaspace       used 112212K, committed 113600K, reserved 557056K
  class space    used 15513K, committed 16128K, reserved 425984K
}
Event: 46.924 GC heap after
{Heap after GC invocations=59 (full 0):
 garbage-first heap   total 390144K, used 235892K [0x0000000080000000, 0x0000000100000000)
  region size 1024K, 6 young (6144K), 6 survivors (6144K)
 Metaspace       used 112212K, committed 113600K, reserved 557056K
  class space    used 15513K, committed 16128K, reserved 425984K
}
Event: 48.759 GC heap before
{Heap before GC invocations=59 (full 0):
 garbage-first heap   total 390144K, used 308596K [0x0000000080000000, 0x0000000100000000)
  region size 1024K, 78 young (79872K), 6 survivors (6144K)
 Metaspace       used 112780K, committed 114112K, reserved 557056K
  class space    used 15560K, committed 16128K, reserved 425984K
}
Event: 48.774 GC heap after
{Heap after GC invocations=60 (full 0):
 garbage-first heap   total 390144K, used 242997K [0x0000000080000000, 0x0000000100000000)
  region size 1024K, 10 young (10240K), 10 survivors (10240K)
 Metaspace       used 112780K, committed 114112K, reserved 557056K
  class space    used 15560K, committed 16128K, reserved 425984K
}

